Running in verbose mode

-----------------------------------------------------------------
  pg_upgrade run on Wed Jan 21 06:29:25 2015
-----------------------------------------------------------------

check for "/usr/local/Cellar/postgresql/9.2.4/bin" failed: No such file or directory


-----------------------------------------------------------------
  pg_upgrade run on Wed Jan 21 06:29:53 2015
-----------------------------------------------------------------

You must identify the directory where the old cluster binaries reside.
Please use the -b command-line option or the PGBINOLD environment variable.
Running in verbose mode

-----------------------------------------------------------------
  pg_upgrade run on Wed Jan 21 06:32:14 2015
-----------------------------------------------------------------

You must identify the directory where the new cluster binaries reside.
Please use the -B command-line option or the PGBINNEW environment variable.

-----------------------------------------------------------------
  pg_upgrade run on Wed Jan 21 06:33:13 2015
-----------------------------------------------------------------

You must identify the directory where the old cluster binaries reside.
Please use the -b command-line option or the PGBINOLD environment variable.

-----------------------------------------------------------------
  pg_upgrade run on Thu Jan 22 07:21:30 2015
-----------------------------------------------------------------

check for "/usr/local/Cellar/postgresql/9.3.0/bin" failed: No such file or directory


-----------------------------------------------------------------
  pg_upgrade run on Thu Jan 22 07:23:46 2015
-----------------------------------------------------------------

check for "/usr/local/Cellar/postgresql/9.3.0/bin" failed: No such file or directory


-----------------------------------------------------------------
  pg_upgrade run on Thu Jan 22 07:24:28 2015
-----------------------------------------------------------------

You must identify the directory where the old cluster binaries reside.
Please use the -b command-line option or the PGBINOLD environment variable.

-----------------------------------------------------------------
  pg_upgrade run on Thu Jan 22 07:33:09 2015
-----------------------------------------------------------------


*failure*
Consult the last few lines of "pg_upgrade_server.log" for
the probable cause of the failure.
There seems to be a postmaster servicing the old cluster.
Please shutdown that postmaster and try again.

-----------------------------------------------------------------
  pg_upgrade run on Thu Jan 22 07:38:29 2015
-----------------------------------------------------------------

Performing Consistency Checks
-----------------------------
Checking cluster versions                                   Old cluster data and binary directories are from different major versions.

-----------------------------------------------------------------
  pg_upgrade run on Thu Jan 22 07:40:58 2015
-----------------------------------------------------------------


*failure*
Consult the last few lines of "pg_upgrade_server.log" for
the probable cause of the failure.
There seems to be a postmaster servicing the old cluster.
Please shutdown that postmaster and try again.

-----------------------------------------------------------------
  pg_upgrade run on Thu Jan 22 07:49:14 2015
-----------------------------------------------------------------


*failure*
Consult the last few lines of "pg_upgrade_server.log" for
the probable cause of the failure.
There seems to be a postmaster servicing the old cluster.
Please shutdown that postmaster and try again.

-----------------------------------------------------------------
  pg_upgrade run on Thu Jan 22 07:51:59 2015
-----------------------------------------------------------------


*failure*
Consult the last few lines of "pg_upgrade_server.log" for
the probable cause of the failure.
There seems to be a postmaster servicing the old cluster.
Please shutdown that postmaster and try again.

-----------------------------------------------------------------
  pg_upgrade run on Thu Jan 22 07:53:16 2015
-----------------------------------------------------------------

You must identify the directory where the old cluster binaries reside.
Please use the -b command-line option or the PGBINOLD environment variable.

-----------------------------------------------------------------
  pg_upgrade run on Thu Jan 22 07:53:58 2015
-----------------------------------------------------------------


*failure*
Consult the last few lines of "pg_upgrade_server.log" for
the probable cause of the failure.
There seems to be a postmaster servicing the old cluster.
Please shutdown that postmaster and try again.

-----------------------------------------------------------------
  pg_upgrade run on Thu Jan 22 07:55:54 2015
-----------------------------------------------------------------


*failure*
Consult the last few lines of "pg_upgrade_server.log" for
the probable cause of the failure.
There seems to be a postmaster servicing the old cluster.
Please shutdown that postmaster and try again.

-----------------------------------------------------------------
  pg_upgrade run on Thu Jan 22 08:07:47 2015
-----------------------------------------------------------------

You must identify the directory where the old cluster binaries reside.
Please use the -b command-line option or the PGBINOLD environment variable.

-----------------------------------------------------------------
  pg_upgrade run on Thu Jan 22 08:08:10 2015
-----------------------------------------------------------------


*failure*
Consult the last few lines of "pg_upgrade_server.log" for
the probable cause of the failure.
There seems to be a postmaster servicing the old cluster.
Please shutdown that postmaster and try again.

-----------------------------------------------------------------
  pg_upgrade run on Thu Jan 22 08:12:51 2015
-----------------------------------------------------------------

Performing Consistency Checks
-----------------------------
Checking cluster versions                                   Old cluster data and binary directories are from different major versions.

-----------------------------------------------------------------
  pg_upgrade run on Thu Jan 22 08:26:04 2015
-----------------------------------------------------------------

Performing Consistency Checks
-----------------------------
Checking cluster versions                                   Old cluster data and binary directories are from different major versions.
